0	1	mikroCARM.exe -MSF -DBG -pSTM32F107VC -UICD -BIN -LHF -DL -SSA -O11111114 -fo72 -N"D:\Clicks_git\G\GYRO_2_Click\SW\example\c\ARM\STM\Click_Gyro2_STM.mcpar" -SP"C:\Users\Public\Documents\Mikroelektronika\mikroC PRO for ARM\Defs\" -SP"C:\Users\Public\Documents\Mikroelektronika\mikroC PRO for ARM\Uses\ST M3\" -SP"D:\Clicks_git\G\GYRO_2_Click\SW\example\c\ARM\STM\" -SP"D:\Clicks_git\G\GYRO_2_Click\SW\library\HAL\" -SP"D:\Clicks_git\G\GYRO_2_Click\SW\library\" -SP"D:\KOMPAJLERI\mikroC PRO for ARM\Packages\mikroBUS Board Definition API\Uses\" -SP"C:\Users\Public\Documents\Mikroelektronika\mikroC PRO for ARM\Packages\mikroBUS Board Definition API\Uses\" -IP"C:\Users\Public\Documents\Mikroelektronika\mikroC PRO for ARM\Uses\ST M3\" -IP"D:\Clicks_git\G\GYRO_2_Click\SW\example\c\ARM\STM\" -IP"D:\Clicks_git\G\GYRO_2_Click\SW\library\" -IP"D:\Clicks_git\G\GYRO_2_Click\SW\library\HAL\" -IP"D:\KOMPAJLERI\mikroC PRO for ARM\Packages\mikroBUS Board Definition API\Uses\" -IP"C:\Users\Public\Documents\Mikroelektronika\mikroC PRO for ARM\Packages\mikroBUS Board Definition API\Uses\" "Click_Gyro2_STM.c" "__gyro2_driver.c" "__Lib_Math.emcl" "__Lib_MathDouble.emcl" "__Lib_Delays.emcl" "__Lib_System_105_107.emcl" "__Lib_GPIO_32F10x_Defs.emcl" "__Lib_GPIO_32F10x.emcl" "__Lib_CString.emcl" "__Lib_Conversions.emcl" "__Lib_I2C_12.emcl" "__Lib_SPI_123.emcl" "__Lib_UART_123_45.emcl" "easymx_v7_STM32F107VC.emcl" "Click_Gyro2.pld"	 
warning: 0	1501	Specified search path does not exist: 'D:\KOMPAJLERI\mikroC PRO for ARM\Packages\mikroBUS Board Definition API\Uses'	 
warning: 0	1502	Specified include path does not exist: 'D:\KOMPAJLERI\mikroC PRO for ARM\Packages\mikroBUS Board Definition API\Uses'	 
diagnostics: 0	122	Compilation Started	stdint.h
warning: 85	1505	Suspicious pointer conversion	Click_Gyro2_STM.c
diagnostics: 113	123	Compiled Successfully	Click_Gyro2_STM.c
diagnostics: 0	122	Compilation Started	stdint.h
diagnostics: 341	123	Compiled Successfully	__gyro2_driver.c
hint: 323	1164	Variable 'tmp' has been eliminated by optimizer	__gyro2_driver.c
hint: 35	1164	Variable 'tmp' has been eliminated by optimizer	__gyro2_driver.c
hint: 84	1164	Variable 'tmp' has been eliminated by optimizer	__gyro2_driver.c
hint: 101	1164	Variable 'ptr' has been eliminated by optimizer	__gyro2_driver.c
hint: 109	1164	Variable 'ptr' has been eliminated by optimizer	__gyro2_driver.c
hint: 222	1164	Variable 'tmp' has been eliminated by optimizer	__gyro2_driver.c
hint: 261	1164	Variable 'tmp' has been eliminated by optimizer	__gyro2_driver.c
hint: 268	1164	Variable 'tmp' has been eliminated by optimizer	__gyro2_driver.c
hint: 320	1164	Variable 'tmp' has been eliminated by optimizer	__gyro2_driver.c
hint: 327	1164	Variable 'tmp' has been eliminated by optimizer	__gyro2_driver.c
hint: 336	1164	Variable 'tmp' has been eliminated by optimizer	__gyro2_driver.c
diagnostics: 0	127	All files Compiled in 140 ms	 
hint: 0	1144	Used RX: 16 (100%)   Free RX: 0 (0%)	Used RX: 16 (100%)   Free RX: 0 (0%)
hint: 0	1144	Static RAM (bytes): 224   Dynamic RAM (bytes): 65309	Static RAM (bytes): 224   Dynamic RAM (bytes): 65309
hint: 0	1144	Used ROM (bytes): 12400 (5%)  Free ROM (bytes): 249744 (95%)	Used ROM (bytes): 12400 (5%)  Free ROM (bytes): 249744 (95%)
diagnostics: 0	125	Project Linked Successfully	Click_Gyro2_STM.mcpar
diagnostics: 0	128	Linked in 297 ms	 
diagnostics: 0	129	Project 'Click_Gyro2_STM.mcpar' completed: 547 ms	 
diagnostics: 0	103	Finished successfully: 17 sep 2018, 14:35:14	Click_Gyro2_STM.mcpar
