0	1	mikroCARM.exe -MSF -DBG -pMSP432P401R -UICD -BIN -DL -SSA -O11111114 -fo48 -N"D:\Clicks_git\G\GYRO_2_Click\SW\example\c\ARM\MSP\Click_Gyro2_MSP.mcpar" -SP"C:\Users\Public\Documents\Mikroelektronika\mikroC PRO for ARM\Defs\" -SP"C:\Users\Public\Documents\Mikroelektronika\mikroC PRO for ARM\Uses\TI M4\" -SP"D:\Clicks_git\G\GYRO_2_Click\SW\example\c\ARM\MSP\" -SP"D:\Clicks_git\G\GYRO_2_Click\SW\library\HAL\" -SP"D:\Clicks_git\G\GYRO_2_Click\SW\library\" -SP"C:\Users\Public\Documents\Mikroelektronika\mikroC PRO for ARM\Packages\mikroBUS Board Definition API\Uses\" -IP"C:\Users\Public\Documents\Mikroelektronika\mikroC PRO for ARM\Uses\TI M4\" -IP"D:\Clicks_git\G\GYRO_2_Click\SW\example\c\ARM\MSP\" -IP"D:\Clicks_git\G\GYRO_2_Click\SW\library\" -IP"D:\Clicks_git\G\GYRO_2_Click\SW\library\HAL\" -IP"C:\Users\Public\Documents\Mikroelektronika\mikroC PRO for ARM\Packages\mikroBUS Board Definition API\Uses\" "Click_Gyro2_MSP.c" "__gyro2_driver.c" "__Lib_Math.emcl" "__Lib_MathDouble.emcl" "__Lib_Delays_MSP432.emcl" "__Lib_System_MSP432P.emcl" "__Lib_GPIO_MSP_Defs.emcl" "__Lib_GPIO_MSP.emcl" "__Lib_CString.emcl" "__Lib_Conversions.emcl" "__Lib_I2C_MSP.emcl" "__Lib_SPI_MSP.emcl" "__Lib_UART_MSP.emcl" "clicker_2_MSP432.emcl" "Click_Gyro2.pld"	 
diagnostics: 0	122	Compilation Started	MSP432P401R.c
diagnostics: 34418	123	Compiled Successfully	MSP432P401R.c
diagnostics: 0	122	Compilation Started	__Lib_Delays_MSP432.c
diagnostics: 118	123	Compiled Successfully	__Lib_Delays_MSP432.c
hint: 66	1164	Variable 'cycles_div_by_10' has been eliminated by optimizer	__Lib_Delays_MSP432.c
hint: 87	1164	Variable 'NumberOfCyc' has been eliminated by optimizer	__Lib_Delays_MSP432.c
hint: 104	1164	Variable 'NumberOfCyc' has been eliminated by optimizer	__Lib_Delays_MSP432.c
diagnostics: 0	122	Compilation Started	__gpio_msp.h
diagnostics: 236	123	Compiled Successfully	__Lib_GPIO_MSP_Defs.c
diagnostics: 0	122	Compilation Started	stdint.h
warning: 135	1505	Suspicious pointer conversion	__c2_msp432_gpio.c
warning: 135	1505	Suspicious pointer conversion	__c2_msp432_gpio.c
warning: 136	1505	Suspicious pointer conversion	__c2_msp432_gpio.c
warning: 136	1505	Suspicious pointer conversion	__c2_msp432_gpio.c
warning: 137	1505	Suspicious pointer conversion	__c2_msp432_gpio.c
warning: 137	1505	Suspicious pointer conversion	__c2_msp432_gpio.c
warning: 138	1505	Suspicious pointer conversion	__c2_msp432_gpio.c
warning: 138	1505	Suspicious pointer conversion	__c2_msp432_gpio.c
warning: 139	1505	Suspicious pointer conversion	__c2_msp432_gpio.c
warning: 139	1505	Suspicious pointer conversion	__c2_msp432_gpio.c
warning: 140	1505	Suspicious pointer conversion	__c2_msp432_gpio.c
warning: 140	1505	Suspicious pointer conversion	__c2_msp432_gpio.c
warning: 141	1505	Suspicious pointer conversion	__c2_msp432_gpio.c
warning: 141	1505	Suspicious pointer conversion	__c2_msp432_gpio.c
warning: 142	1505	Suspicious pointer conversion	__c2_msp432_gpio.c
warning: 142	1505	Suspicious pointer conversion	__c2_msp432_gpio.c
warning: 143	1505	Suspicious pointer conversion	__c2_msp432_gpio.c
warning: 143	1505	Suspicious pointer conversion	__c2_msp432_gpio.c
warning: 144	1505	Suspicious pointer conversion	__c2_msp432_gpio.c
warning: 144	1505	Suspicious pointer conversion	__c2_msp432_gpio.c
warning: 145	1505	Suspicious pointer conversion	__c2_msp432_gpio.c
warning: 145	1505	Suspicious pointer conversion	__c2_msp432_gpio.c
warning: 146	1505	Suspicious pointer conversion	__c2_msp432_gpio.c
warning: 146	1505	Suspicious pointer conversion	__c2_msp432_gpio.c
warning: 156	1505	Suspicious pointer conversion	__c2_msp432_gpio.c
warning: 156	1505	Suspicious pointer conversion	__c2_msp432_gpio.c
warning: 157	1505	Suspicious pointer conversion	__c2_msp432_gpio.c
warning: 157	1505	Suspicious pointer conversion	__c2_msp432_gpio.c
warning: 158	1505	Suspicious pointer conversion	__c2_msp432_gpio.c
warning: 158	1505	Suspicious pointer conversion	__c2_msp432_gpio.c
warning: 159	1505	Suspicious pointer conversion	__c2_msp432_gpio.c
warning: 159	1505	Suspicious pointer conversion	__c2_msp432_gpio.c
warning: 160	1505	Suspicious pointer conversion	__c2_msp432_gpio.c
warning: 160	1505	Suspicious pointer conversion	__c2_msp432_gpio.c
warning: 161	1505	Suspicious pointer conversion	__c2_msp432_gpio.c
warning: 161	1505	Suspicious pointer conversion	__c2_msp432_gpio.c
warning: 162	1505	Suspicious pointer conversion	__c2_msp432_gpio.c
warning: 162	1505	Suspicious pointer conversion	__c2_msp432_gpio.c
warning: 163	1505	Suspicious pointer conversion	__c2_msp432_gpio.c
warning: 163	1505	Suspicious pointer conversion	__c2_msp432_gpio.c
warning: 164	1505	Suspicious pointer conversion	__c2_msp432_gpio.c
warning: 164	1505	Suspicious pointer conversion	__c2_msp432_gpio.c
warning: 165	1505	Suspicious pointer conversion	__c2_msp432_gpio.c
warning: 165	1505	Suspicious pointer conversion	__c2_msp432_gpio.c
warning: 166	1505	Suspicious pointer conversion	__c2_msp432_gpio.c
warning: 166	1505	Suspicious pointer conversion	__c2_msp432_gpio.c
warning: 167	1505	Suspicious pointer conversion	__c2_msp432_gpio.c
warning: 167	1505	Suspicious pointer conversion	__c2_msp432_gpio.c
warning: 177	1505	Suspicious pointer conversion	__c2_msp432_gpio.c
warning: 177	1505	Suspicious pointer conversion	__c2_msp432_gpio.c
warning: 178	1505	Suspicious pointer conversion	__c2_msp432_gpio.c
warning: 178	1505	Suspicious pointer conversion	__c2_msp432_gpio.c
warning: 179	1505	Suspicious pointer conversion	__c2_msp432_gpio.c
warning: 179	1505	Suspicious pointer conversion	__c2_msp432_gpio.c
warning: 180	1505	Suspicious pointer conversion	__c2_msp432_gpio.c
warning: 180	1505	Suspicious pointer conversion	__c2_msp432_gpio.c
warning: 181	1505	Suspicious pointer conversion	__c2_msp432_gpio.c
warning: 181	1505	Suspicious pointer conversion	__c2_msp432_gpio.c
warning: 182	1505	Suspicious pointer conversion	__c2_msp432_gpio.c
warning: 182	1505	Suspicious pointer conversion	__c2_msp432_gpio.c
warning: 183	1505	Suspicious pointer conversion	__c2_msp432_gpio.c
warning: 183	1505	Suspicious pointer conversion	__c2_msp432_gpio.c
warning: 184	1505	Suspicious pointer conversion	__c2_msp432_gpio.c
warning: 184	1505	Suspicious pointer conversion	__c2_msp432_gpio.c
warning: 185	1505	Suspicious pointer conversion	__c2_msp432_gpio.c
warning: 185	1505	Suspicious pointer conversion	__c2_msp432_gpio.c
warning: 186	1505	Suspicious pointer conversion	__c2_msp432_gpio.c
warning: 186	1505	Suspicious pointer conversion	__c2_msp432_gpio.c
warning: 187	1505	Suspicious pointer conversion	__c2_msp432_gpio.c
warning: 187	1505	Suspicious pointer conversion	__c2_msp432_gpio.c
warning: 188	1505	Suspicious pointer conversion	__c2_msp432_gpio.c
warning: 188	1505	Suspicious pointer conversion	__c2_msp432_gpio.c
warning: 199	1505	Suspicious pointer conversion	__c2_msp432_gpio.c
warning: 199	1505	Suspicious pointer conversion	__c2_msp432_gpio.c
warning: 200	1505	Suspicious pointer conversion	__c2_msp432_gpio.c
warning: 200	1505	Suspicious pointer conversion	__c2_msp432_gpio.c
warning: 201	1505	Suspicious pointer conversion	__c2_msp432_gpio.c
warning: 201	1505	Suspicious pointer conversion	__c2_msp432_gpio.c
warning: 202	1505	Suspicious pointer conversion	__c2_msp432_gpio.c
warning: 202	1505	Suspicious pointer conversion	__c2_msp432_gpio.c
warning: 203	1505	Suspicious pointer conversion	__c2_msp432_gpio.c
warning: 203	1505	Suspicious pointer conversion	__c2_msp432_gpio.c
warning: 204	1505	Suspicious pointer conversion	__c2_msp432_gpio.c
warning: 204	1505	Suspicious pointer conversion	__c2_msp432_gpio.c
warning: 205	1505	Suspicious pointer conversion	__c2_msp432_gpio.c
warning: 205	1505	Suspicious pointer conversion	__c2_msp432_gpio.c
warning: 206	1505	Suspicious pointer conversion	__c2_msp432_gpio.c
warning: 206	1505	Suspicious pointer conversion	__c2_msp432_gpio.c
warning: 207	1505	Suspicious pointer conversion	__c2_msp432_gpio.c
warning: 207	1505	Suspicious pointer conversion	__c2_msp432_gpio.c
warning: 208	1505	Suspicious pointer conversion	__c2_msp432_gpio.c
warning: 208	1505	Suspicious pointer conversion	__c2_msp432_gpio.c
warning: 209	1505	Suspicious pointer conversion	__c2_msp432_gpio.c
warning: 209	1505	Suspicious pointer conversion	__c2_msp432_gpio.c
warning: 210	1505	Suspicious pointer conversion	__c2_msp432_gpio.c
warning: 210	1505	Suspicious pointer conversion	__c2_msp432_gpio.c
diagnostics: 348	123	Compiled Successfully	clicker_2_MSP432.c
hint: 51	1164	Variable 'cfg' has been eliminated by optimizer	clicker_2_MSP432.c
hint: 57	1164	Variable 'cfg' has been eliminated by optimizer	clicker_2_MSP432.c
hint: 39	1164	Variable 'cfg' has been eliminated by optimizer	clicker_2_MSP432.c
hint: 45	1164	Variable 'cfg' has been eliminated by optimizer	clicker_2_MSP432.c
hint: 51	1164	Variable 'cfg' has been eliminated by optimizer	clicker_2_MSP432.c
hint: 57	1164	Variable 'cfg' has been eliminated by optimizer	clicker_2_MSP432.c
diagnostics: 0	122	Compilation Started	stdint.h
warning: 87	1505	Suspicious pointer conversion	Click_Gyro2_MSP.c
diagnostics: 115	123	Compiled Successfully	Click_Gyro2_MSP.c
diagnostics: 0	122	Compilation Started	stdint.h
diagnostics: 342	123	Compiled Successfully	__gyro2_driver.c
hint: 323	1164	Variable 'tmp' has been eliminated by optimizer	__gyro2_driver.c
hint: 35	1164	Variable 'tmp' has been eliminated by optimizer	__gyro2_driver.c
hint: 81	1164	Variable 'tmp' has been eliminated by optimizer	__gyro2_driver.c
hint: 96	1164	Variable 'ptr' has been eliminated by optimizer	__gyro2_driver.c
hint: 104	1164	Variable 'ptr' has been eliminated by optimizer	__gyro2_driver.c
hint: 223	1164	Variable 'tmp' has been eliminated by optimizer	__gyro2_driver.c
hint: 262	1164	Variable 'tmp' has been eliminated by optimizer	__gyro2_driver.c
hint: 269	1164	Variable 'tmp' has been eliminated by optimizer	__gyro2_driver.c
hint: 321	1164	Variable 'tmp' has been eliminated by optimizer	__gyro2_driver.c
hint: 328	1164	Variable 'tmp' has been eliminated by optimizer	__gyro2_driver.c
hint: 337	1164	Variable 'tmp' has been eliminated by optimizer	__gyro2_driver.c
diagnostics: 0	127	All files Compiled in 157 ms	 
hint: 0	1144	Used RX: 16 (100%)   Free RX: 0 (0%)	Used RX: 16 (100%)   Free RX: 0 (0%)
hint: 0	1144	Static RAM (bytes): 245   Dynamic RAM (bytes): 65285	Static RAM (bytes): 245   Dynamic RAM (bytes): 65285
hint: 0	1144	Used ROM (bytes): 15605 (6%)  Free ROM (bytes): 246539 (94%)	Used ROM (bytes): 15605 (6%)  Free ROM (bytes): 246539 (94%)
diagnostics: 0	125	Project Linked Successfully	Click_Gyro2_MSP.mcpar
diagnostics: 0	128	Linked in 250 ms	 
diagnostics: 0	129	Project 'Click_Gyro2_MSP.mcpar' completed: 1453 ms	 
diagnostics: 0	103	Finished successfully: 17 sep 2018, 15:42:42	Click_Gyro2_MSP.mcpar
